<?xml version="1.0" encoding="UTF-8"?>
<!-- Generated by org.testng.reporters.JUnitReportReporter -->
<testsuite hostname="DESKTOP-4LRP0U2" failures="0" tests="2" name="testCases.TC_001_AccountRegistrationTest" time="5.734" errors="0" timestamp="2024-08-24T20:11:15 IST" skipped="0">
  <testcase classname="testCases.TC_001_AccountRegistrationTest" name="verify_account_registration" time="2.616"/>
  <testcase classname="testCases.TC_001_AccountRegistrationTest" name="verify_account_registration" time="3.118"/>
</testsuite> <!-- testCases.TC_001_AccountRegistrationTest -->
